]0;IPython: phd-work/vibronic-dimerPython 2.7.13 |Continuum Analytics, Inc.| (default, Dec 20 2016, 23:09:15) 
Type "copyright", "credits" or "license" for more information.

IPython 5.3.0 -- An enhanced Interactive Python.
?         -> Introduction and overview of IPython's features.
%quickref -> Quick reference.
help      -> Python's own help system.
object?   -> Details about 'object', use 'object??' for extra details.
Using matplotlib backend: Qt5Agg
Traceback (most recent call last):
  File "/home/henry/anaconda2/envs/qutip/bin/ipython", line 6, in <module>
    sys.exit(IPython.start_ipython())
  File "/home/henry/anaconda2/envs/qutip/lib/python2.7/site-packages/IPython/__init__.py", line 119, in start_ipython
    return launch_new_instance(argv=argv, **kwargs)
  File "/home/henry/anaconda2/envs/qutip/lib/python2.7/site-packages/traitlets/config/application.py", line 658, in launch_instance
    app.start()
  File "/home/henry/anaconda2/envs/qutip/lib/python2.7/site-packages/IPython/terminal/ipapp.py", line 348, in start
    self.shell.mainloop()
  File "/home/henry/anaconda2/envs/qutip/lib/python2.7/site-packages/IPython/terminal/interactiveshell.py", line 486, in mainloop
    self.interact()
  File "/home/henry/anaconda2/envs/qutip/lib/python2.7/site-packages/IPython/terminal/interactiveshell.py", line 469, in interact
    code = self.prompt_for_code()
  File "/home/henry/anaconda2/envs/qutip/lib/python2.7/site-packages/IPython/terminal/interactiveshell.py", line 224, in prompt
    return cast_unicode_py2(input('In [%d]: ' % self.execution_count))
  File "/home/henry/anaconda2/envs/qutip/lib/python2.7/site-packages/IPython/utils/py3compat.py", line 220, in input
    return builtin_mod.raw_input(prompt)
IOError: [Errno 9] Bad file descriptor

If you suspect this is an IPython bug, please report it at:
    https://github.com/ipython/ipython/issues
or send an email to the mailing list at ipython-dev@scipy.org

You can print a more detailed traceback right now with "%tb", or use "%debug"
to interactively debug it.

Extra-detailed tracebacks for bug-reporting purposes can be enabled via:
    %config Application.verbose_crash=True


In [1]: 